[debug] [2025-06-12T18:21:23.435Z] ----------------------------------------------------------------------
[debug] [2025-06-12T18:21:23.438Z] Command:       C:\Program Files\nodejs\node.exe C:\Users\mokht\AppData\Roaming\npm\node_modules\firebase-tools\lib\bin\firebase.js projects:list
[debug] [2025-06-12T18:21:23.438Z] CLI Version:   14.6.0
[debug] [2025-06-12T18:21:23.438Z] Platform:      win32
[debug] [2025-06-12T18:21:23.438Z] Node Version:  v22.7.0
[debug] [2025-06-12T18:21:23.438Z] Time:          Thu Jun 12 2025 14:21:23 GMT-0400 (heure avancée de l’Est)
[debug] [2025-06-12T18:21:23.439Z] ----------------------------------------------------------------------
[debug] 
[debug] [2025-06-12T18:21:23.445Z] > command requires scopes: ["email","openid","https://www.googleapis.com/auth/cloudplatformprojects.readonly","https://www.googleapis.com/auth/firebase","https://www.googleapis.com/auth/cloud-platform"]
[debug] [2025-06-12T18:21:23.446Z] > authorizing via signed-in user (rachdadm@gmail.com)
[debug] [2025-06-12T18:21:23.450Z] Checked if tokens are valid: false, expires at: 1746222144331
[debug] [2025-06-12T18:21:23.450Z] Checked if tokens are valid: false, expires at: 1746222144331
[debug] [2025-06-12T18:21:23.450Z] > refreshing access token with scopes: []
[debug] [2025-06-12T18:21:23.452Z] >>> [apiv2][query] POST https://www.googleapis.com/oauth2/v3/token [none]
[debug] [2025-06-12T18:21:23.452Z] >>> [apiv2][body] POST https://www.googleapis.com/oauth2/v3/token [omitted]
[debug] [2025-06-12T18:21:23.648Z] <<< [apiv2][status] POST https://www.googleapis.com/oauth2/v3/token 200
[debug] [2025-06-12T18:21:23.648Z] <<< [apiv2][body] POST https://www.googleapis.com/oauth2/v3/token [omitted]
[debug] [2025-06-12T18:21:23.658Z] >>> [apiv2][query] GET https://firebase.googleapis.com/v1beta1/projects pageSize=1000
[debug] [2025-06-12T18:21:30.075Z] <<< [apiv2][status] GET https://firebase.googleapis.com/v1beta1/projects 500
[debug] [2025-06-12T18:21:30.076Z] <<< [apiv2][body] GET https://firebase.googleapis.com/v1beta1/projects [omitted]
[debug] [2025-06-12T18:21:30.079Z] Request to https://firebase.googleapis.com/v1beta1/projects?pageSize=1000 had HTTP Error: 500, Internal error encountered.
[debug] [2025-06-12T18:21:30.214Z] FirebaseError: Request to https://firebase.googleapis.com/v1beta1/projects?pageSize=1000 had HTTP Error: 500, Internal error encountered.
    at responseToError (C:\Users\mokht\AppData\Roaming\npm\node_modules\firebase-tools\lib\responseToError.js:52:12)
    at RetryOperation._fn (C:\Users\mokht\AppData\Roaming\npm\node_modules\firebase-tools\lib\apiv2.js:312:77)
    at process.processTicksAndRejections (node:internal/process/task_queues:105:5)
[error] 
[error] Error: Failed to list Firebase projects. See firebase-debug.log for more info.
